2025-04-09 08:03:58,803 - INFO - [GET] /docs - 200 - 0.60ms
2025-04-09 08:03:58,899 - INFO - [GET] /openapi.json - 200 - 8.95ms
2025-04-09 08:04:03,499 - INFO - select pg_catalog.version()
2025-04-09 08:04:03,499 - INFO - [raw sql] ()
2025-04-09 08:04:03,510 - INFO - select current_schema()
2025-04-09 08:04:03,510 - INFO - [raw sql] ()
2025-04-09 08:04:03,517 - INFO - show standard_conforming_strings
2025-04-09 08:04:03,517 - INFO - [raw sql] ()
2025-04-09 08:04:03,521 - INFO - BEGIN (implicit)
2025-04-09 08:04:03,537 - INFO - SELECT tables.id, tables.name, tables.seats, tables.location 
FROM tables ORDER BY tables.id
2025-04-09 08:04:03,538 - INFO - [generated in 0.00054s] ()
2025-04-09 08:04:03,551 - INFO - COMMIT
2025-04-09 08:04:03,552 - INFO - [GET] /tables/ - 200 - 179.32ms
2025-04-09 08:04:42,415 - INFO - BEGIN (implicit)
2025-04-09 08:04:42,418 - INFO - SELECT tables.id, tables.name, tables.seats, tables.location 
FROM tables 
WHERE tables.id = $1::INTEGER
2025-04-09 08:04:42,419 - INFO - [generated in 0.00119s] (45,)
2025-04-09 08:04:42,425 - WARNING - Table with id 45 not found
2025-04-09 08:04:42,425 - INFO - ROLLBACK
2025-04-09 08:04:42,426 - INFO - [DELETE] /tables/45 - 404 - 11.98ms
2025-04-09 08:07:30,167 - INFO - BEGIN (implicit)
2025-04-09 08:07:30,170 - INFO - INSERT INTO tables (name, seats, location) VALUES ($1::VARCHAR, $2::INTEGER, $3::VARCHAR) RETURNING tables.id
2025-04-09 08:07:30,170 - INFO - [generated in 0.00059s] ('test-4', 2, 'door')
2025-04-09 08:07:30,180 - INFO - SELECT tables.id, tables.name, tables.seats, tables.location 
FROM tables 
WHERE tables.id = $1::INTEGER
2025-04-09 08:07:30,181 - INFO - [generated in 0.00035s] (8,)
2025-04-09 08:07:30,182 - INFO - Table with id 8 successfully created.
2025-04-09 08:07:30,183 - INFO - COMMIT
2025-04-09 08:07:30,186 - INFO - [POST] /tables/ - 200 - 23.35ms
